<?xml version="1.0" encoding="UTF-8"?>
<!-- Generated by org.testng.reporters.JUnitXMLReporter -->
<testsuite ignored="6" hostname="DESKTOP-J5SFQO5" failures="0" tests="5" name="Command line test" time="16.695" errors="0" timestamp="2023-02-22T19:38:26 PST">
  <testcase classname="testscripts.CreateBookingTest" name="createBookingTestWithPOJO" time="1.665"/>
  <testcase classname="testscripts.CreateBookingTest" name="partialUpdateBookingIdTest" time="1.551"/>
  <testcase classname="testscripts.CreateBookingTest" name="deleteBookingIdTest" time="4.667"/>
  <testcase classname="testscripts.DemoTest" name="phoneNumbersTest" time="1.388"/>
  <testcase classname="testscripts.DemoTest" name="phoneNumbersTypeTest" time="1.332"/>
  <testcase classname="testscripts.CreateBookingTest" name="createBookingTest1" time="0.0">
    <ignored/>
  </testcase> <!-- createBookingTest1 -->
  <testcase classname="testscripts.CreateBookingTest" name="createBookingTest" time="0.0">
    <ignored/>
  </testcase> <!-- createBookingTest -->
  <testcase classname="testscripts.CreateBookingTest" name="getBookingIdDeserializedTest" time="0.0">
    <ignored/>
  </testcase> <!-- getBookingIdDeserializedTest -->
  <testcase classname="testscripts.CreateBookingTest" name="getBookingIdTest" time="0.0">
    <ignored/>
  </testcase> <!-- getBookingIdTest -->
  <testcase classname="testscripts.CreateBookingTest" name="updateBookingIdTest" time="0.0">
    <ignored/>
  </testcase> <!-- updateBookingIdTest -->
  <testcase classname="testscripts.CreateBookingTest" name="getAllBookingTest" time="0.0">
    <ignored/>
  </testcase> <!-- getAllBookingTest -->
</testsuite> <!-- Command line test -->
